# JRE version: Java(TM) SE Runtime Environment (8.0_221-b11) (build 1.8.0_221-b11)
# Java VM: Java HotSpot(TM) 64-Bit Server VM (25.221-b11 mixed mode windows-amd64 compressed oops)
Heap:
 PSYoungGen      total 321024K, used 275129K [0x000000076bb00000, 0x0000000782580000, 0x00000007c0000000)
  eden space 299008K, 86% used [0x000000076bb00000,0x000000077b647cf0,0x000000077df00000)
  from space 22016K, 80% used [0x000000077df00000,0x000000077f066850,0x000000077f480000)
  to   space 23040K, 0% used [0x0000000780f00000,0x0000000780f00000,0x0000000782580000)
 ParOldGen       total 205824K, used 41246K [0x00000006c3000000, 0x00000006cf900000, 0x000000076bb00000)
  object space 205824K, 20% used [0x00000006c3000000,0x00000006c5847a58,0x00000006cf900000)
 Metaspace       used 61608K, capacity 63062K, committed 63256K, reserved 1103872K
  class space    used 7677K, capacity 7966K, committed 7976K, reserved 1048576K
GC Heap History (10 events):
Event: 1503.647 GC heap before
{Heap before GC invocations=68 (full 3):
 PSYoungGen      total 275968K, used 270374K [0x000000076bb00000, 0x000000077f700000, 0x00000007c0000000)
  eden space 257536K, 98% used [0x000000076bb00000,0x000000077b3d0258,0x000000077b680000)
  from space 18432K, 84% used [0x000000077ca80000,0x000000077d9b9758,0x000000077dc80000)
  to   space 20480K, 0% used [0x000000077b680000,0x000000077b680000,0x000000077ca80000)
 ParOldGen       total 205824K, used 39830K [0x00000006c3000000, 0x00000006cf900000, 0x000000076bb00000)
  object space 205824K, 19% used [0x00000006c3000000,0x00000006c56e59f8,0x00000006cf900000)
 Metaspace       used 61189K, capacity 62406K, committed 62744K, reserved 1103872K
  class space    used 7628K, capacity 7878K, committed 7976K, reserved 1048576K
Event: 1503.787 GC heap after
Heap after GC invocations=68 (full 3):
 PSYoungGen      total 278016K, used 15768K [0x000000076bb00000, 0x000000077f580000, 0x00000007c0000000)
  eden space 257536K, 0% used [0x000000076bb00000,0x000000076bb00000,0x000000077b680000)
  from space 20480K, 76% used [0x000000077b680000,0x000000077c5e6168,0x000000077ca80000)
  to   space 20992K, 0% used [0x000000077e100000,0x000000077e100000,0x000000077f580000)
 ParOldGen       total 205824K, used 40134K [0x00000006c3000000, 0x00000006cf900000, 0x000000076bb00000)
  object space 205824K, 19% used [0x00000006c3000000,0x00000006c5731a58,0x00000006cf900000)
 Metaspace       used 61189K, capacity 62406K, committed 62744K, reserved 1103872K
  class space    used 7628K, capacity 7878K, committed 7976K, reserved 1048576K
}
Event: 1543.802 GC heap before
{Heap before GC invocations=69 (full 3):
 PSYoungGen      total 278016K, used 273304K [0x000000076bb00000, 0x000000077f580000, 0x00000007c0000000)
  eden space 257536K, 100% used [0x000000076bb00000,0x000000077b680000,0x000000077b680000)
  from space 20480K, 76% used [0x000000077b680000,0x000000077c5e6168,0x000000077ca80000)
  to   space 20992K, 0% used [0x000000077e100000,0x000000077e100000,0x000000077f580000)
 ParOldGen       total 205824K, used 40134K [0x00000006c3000000, 0x00000006cf900000, 0x000000076bb00000)
  object space 205824K, 19% used [0x00000006c3000000,0x00000006c5731a58,0x00000006cf900000)
 Metaspace       used 61267K, capacity 62566K, committed 62744K, reserved 1103872K
  class space    used 7638K, capacity 7894K, committed 7976K, reserved 1048576K
Event: 1543.873 GC heap after
Heap after GC invocations=69 (full 3):
 PSYoungGen      total 296960K, used 16123K [0x000000076bb00000, 0x000000077f400000, 0x00000007c0000000)
  eden space 277504K, 0% used [0x000000076bb00000,0x000000076bb00000,0x000000077ca00000)
  from space 19456K, 82% used [0x000000077e100000,0x000000077f0bef28,0x000000077f400000)
  to   space 21504K, 0% used [0x000000077ca00000,0x000000077ca00000,0x000000077df00000)
 ParOldGen       total 205824K, used 40390K [0x00000006c3000000, 0x00000006cf900000, 0x000000076bb00000)
  object space 205824K, 19% used [0x00000006c3000000,0x00000006c5771a58,0x00000006cf900000)
 Metaspace       used 61267K, capacity 62566K, committed 62744K, reserved 1103872K
  class space    used 7638K, capacity 7894K, committed 7976K, reserved 1048576K
}
Event: 1588.921 GC heap before
{Heap before GC invocations=70 (full 3):
 PSYoungGen      total 296960K, used 293627K [0x000000076bb00000, 0x000000077f400000, 0x00000007c0000000)
  eden space 277504K, 100% used [0x000000076bb00000,0x000000077ca00000,0x000000077ca00000)
  from space 19456K, 82% used [0x000000077e100000,0x000000077f0bef28,0x000000077f400000)
  to   space 21504K, 0% used [0x000000077ca00000,0x000000077ca00000,0x000000077df00000)
 ParOldGen       total 205824K, used 40390K [0x00000006c3000000, 0x00000006cf900000, 0x000000076bb00000)
  object space 205824K, 19% used [0x00000006c3000000,0x00000006c5771a58,0x00000006cf900000)
 Metaspace       used 61334K, capacity 62674K, committed 62744K, reserved 1103872K
  class space    used 7648K, capacity 7912K, committed 7976K, reserved 1048576K
Event: 1589.174 GC heap after
Heap after GC invocations=70 (full 3):
 PSYoungGen      total 299008K, used 16718K [0x000000076bb00000, 0x0000000780a80000, 0x00000007c0000000)
  eden space 277504K, 0% used [0x000000076bb00000,0x000000076bb00000,0x000000077ca00000)
  from space 21504K, 77% used [0x000000077ca00000,0x000000077da53b78,0x000000077df00000)
  to   space 22016K, 0% used [0x000000077f500000,0x000000077f500000,0x0000000780a80000)
 ParOldGen       total 205824K, used 40678K [0x00000006c3000000, 0x00000006cf900000, 0x000000076bb00000)
  object space 205824K, 19% used [0x00000006c3000000,0x00000006c57b9a58,0x00000006cf900000)
 Metaspace       used 61334K, capacity 62674K, committed 62744K, reserved 1103872K
  class space    used 7648K, capacity 7912K, committed 7976K, reserved 1048576K
}
Event: 1638.118 GC heap before
{Heap before GC invocations=71 (full 3):
 PSYoungGen      total 299008K, used 294222K [0x000000076bb00000, 0x0000000780a80000, 0x00000007c0000000)
  eden space 277504K, 100% used [0x000000076bb00000,0x000000077ca00000,0x000000077ca00000)
  from space 21504K, 77% used [0x000000077ca00000,0x000000077da53b78,0x000000077df00000)
  to   space 22016K, 0% used [0x000000077f500000,0x000000077f500000,0x0000000780a80000)
 ParOldGen       total 205824K, used 40678K [0x00000006c3000000, 0x00000006cf900000, 0x000000076bb00000)
  object space 205824K, 19% used [0x00000006c3000000,0x00000006c57b9a58,0x00000006cf900000)
 Metaspace       used 61414K, capacity 62782K, committed 63000K, reserved 1103872K
  class space    used 7658K, capacity 7930K, committed 7976K, reserved 1048576K
Event: 1638.317 GC heap after
Heap after GC invocations=71 (full 3):
 PSYoungGen      total 320512K, used 16468K [0x000000076bb00000, 0x0000000780a00000, 0x00000007c0000000)
  eden space 299008K, 0% used [0x000000076bb00000,0x000000076bb00000,0x000000077df00000)
  from space 21504K, 76% used [0x000000077f500000,0x00000007805153a8,0x0000000780a00000)
  to   space 22016K, 0% used [0x000000077df00000,0x000000077df00000,0x000000077f480000)
 ParOldGen       total 205824K, used 40966K [0x00000006c3000000, 0x00000006cf900000, 0x000000076bb00000)
  object space 205824K, 19% used [0x00000006c3000000,0x00000006c5801a58,0x00000006cf900000)
 Metaspace       used 61414K, capacity 62782K, committed 63000K, reserved 1103872K
  class space    used 7658K, capacity 7930K, committed 7976K, reserved 1048576K
}
Event: 1683.745 GC heap before
{Heap before GC invocations=72 (full 3):
 PSYoungGen      total 320512K, used 313224K [0x000000076bb00000, 0x0000000780a00000, 0x00000007c0000000)
  eden space 299008K, 99% used [0x000000076bb00000,0x000000077dcccee0,0x000000077df00000)
  from space 21504K, 76% used [0x000000077f500000,0x00000007805153a8,0x0000000780a00000)
  to   space 22016K, 0% used [0x000000077df00000,0x000000077df00000,0x000000077f480000)
 ParOldGen       total 205824K, used 40966K [0x00000006c3000000, 0x00000006cf900000, 0x000000076bb00000)
  object space 205824K, 19% used [0x00000006c3000000,0x00000006c5801a58,0x00000006cf900000)
 Metaspace       used 61503K, capacity 62902K, committed 63000K, reserved 1103872K
  class space    used 7669K, capacity 7950K, committed 7976K, reserved 1048576K
Event: 1684.198 GC heap after
Heap after GC invocations=72 (full 3):
 PSYoungGen      total 321024K, used 17818K [0x000000076bb00000, 0x0000000782580000, 0x00000007c0000000)
  eden space 299008K, 0% used [0x000000076bb00000,0x000000076bb00000,0x000000077df00000)
  from space 22016K, 80% used [0x000000077df00000,0x000000077f066850,0x000000077f480000)
  to   space 23040K, 0% used [0x0000000780f00000,0x0000000780f00000,0x0000000782580000)
 ParOldGen       total 205824K, used 41246K [0x00000006c3000000, 0x00000006cf900000, 0x000000076bb00000)
  object space 205824K, 20% used [0x00000006c3000000,0x00000006c5847a58,0x00000006cf900000)
 Metaspace       used 61503K, capacity 62902K, committed 63000K, reserved 1103872K
  class space    used 7669K, capacity 7950K, committed 7976K, reserved 1048576K
}

